
> book-exchange@0.1.0 build /Users/mogeko/Workspace/book-exchange-web/apps/book-exchange
> next build

- info Creating an optimized production build...
- info Compiled successfully
- info Linting and checking validity of types...
- info Collecting page data...
- info Generating static pages (0/4)
- info Generating static pages (1/4)
- info Generating static pages (2/4)
- info Generating static pages (3/4)
- info Generating static pages (4/4)
- info Finalizing page optimization...

Route (app)                                Size     First Load JS
┌ ○ /                                      4.92 kB        82.4 kB
└ ○ /favicon.ico                           0 B                0 B
+ First Load JS shared by all              77.5 kB
  ├ chunks/613-01bf2bd9129eac7e.js         25.1 kB
  ├ chunks/fbcaba96-fd2d90ddcfcd5cd8.js    50.5 kB
  ├ chunks/main-app-f217e82991cfb5ec.js    216 B
  └ chunks/webpack-76fd8b39fe914c29.js     1.65 kB

Route (pages)                              Size     First Load JS
─ ○ /404                                   182 B          75.5 kB
+ First Load JS shared by all              75.3 kB
  ├ chunks/framework-eb124dc7acb3bb04.js   45 kB
  ├ chunks/main-48560948a30d1579.js        28.4 kB
  ├ chunks/pages/_app-652dacdcd1c1bdb2.js  194 B
  └ chunks/webpack-76fd8b39fe914c29.js     1.65 kB

○  (Static)  automatically rendered as static HTML (uses no initial props)

